Using pre-set license
Built from '6000.0/release' branch; Version is '6000.0.45f1 (d91bd3d4e081) revision 14228435'; Using compiler version '193933523'; Build Type 'Release'
OS: 'Windows 10  (10.0.19045) 64bit Professional' Language: 'en' Physical Memory: 16309 MB
BatchMode: 1, IsHumanControllingUs: 0, StartBugReporterOnCrash: 0, Is64bit: 1, IsPro: 1

COMMAND LINE ARGUMENTS:
D:\Programs\Unitka2022\6000.0.45f1\Editor\Unity.exe
-adb2
-batchMode
-noUpm
-name
AssetImportWorker0
-projectPath
D:/Projects (Unity)/NOIT2026
-logFile
Logs/AssetImportWorker0.log
-srvPort
31147
-job-worker-count
3
-background-job-worker-count
8
-gc-helper-count
1
Successfully changed project path to: D:/Projects (Unity)/NOIT2026
D:/Projects (Unity)/NOIT2026
[UnityMemory] Configuration Parameters - Can be set up in boot.config
    "memorysetup-bucket-allocator-granularity=16"
    "memorysetup-bucket-allocator-bucket-count=8"
    "memorysetup-bucket-allocator-block-size=33554432"
    "memorysetup-bucket-allocator-block-count=8"
    "memorysetup-main-allocator-block-size=16777216"
    "memorysetup-thread-allocator-block-size=16777216"
    "memorysetup-gfx-main-allocator-block-size=16777216"
    "memorysetup-gfx-thread-allocator-block-size=16777216"
    "memorysetup-cache-allocator-block-size=4194304"
    "memorysetup-typetree-allocator-block-size=2097152"
    "memorysetup-profiler-bucket-allocator-granularity=16"
    "memorysetup-profiler-bucket-allocator-bucket-count=8"
    "memorysetup-profiler-bucket-allocator-block-size=33554432"
    "memorysetup-profiler-bucket-allocator-block-count=8"
    "memorysetup-profiler-allocator-block-size=16777216"
    "memorysetup-profiler-editor-allocator-block-size=1048576"
    "memorysetup-temp-allocator-size-main=16777216"
    "memorysetup-job-temp-allocator-block-size=2097152"
    "memorysetup-job-temp-allocator-block-size-background=1048576"
    "memorysetup-job-temp-allocator-reduction-small-platforms=262144"
    "memorysetup-allocator-temp-initial-block-size-main=262144"
    "memorysetup-allocator-temp-initial-block-size-worker=262144"
    "memorysetup-temp-allocator-size-background-worker=32768"
    "memorysetup-temp-allocator-size-job-worker=262144"
    "memorysetup-temp-allocator-size-preload-manager=33554432"
    "memorysetup-temp-allocator-size-nav-mesh-worker=65536"
    "memorysetup-temp-allocator-size-audio-worker=65536"
    "memorysetup-temp-allocator-size-cloud-worker=32768"
    "memorysetup-temp-allocator-size-gi-baking-worker=262144"
    "memorysetup-temp-allocator-size-gi-baking-worker=262144"
    "memorysetup-temp-allocator-size-gi-baking-worker=262144"
    "memorysetup-temp-allocator-size-gi-baking-worker=262144"
    "memorysetup-temp-allocator-size-gi-baking-worker=262144"
    "memorysetup-temp-allocator-size-gfx=262144"
Player connection [9512]  Target information:

Player connection [9512]  * "[IP] 192.168.1.15 [Port] 0 [Flags] 2 [Guid] 1064863792 [EditorId] 1064863792 [Version] 1048832 [Id] WindowsEditor(7,DESKTOP-U0DOSEJ) [Debug] 1 [PackageName] WindowsEditor [ProjectName] Editor" 

Player connection [9512]  * "[IP] 25.45.107.172 [Port] 0 [Flags] 2 [Guid] 1064863792 [EditorId] 1064863792 [Version] 1048832 [Id] WindowsEditor(7,DESKTOP-U0DOSEJ) [Debug] 1 [PackageName] WindowsEditor [ProjectName] Editor" 

Player connection [9512]  * "[IP] 169.254.98.139 [Port] 0 [Flags] 2 [Guid] 1064863792 [EditorId] 1064863792 [Version] 1048832 [Id] WindowsEditor(7,DESKTOP-U0DOSEJ) [Debug] 1 [PackageName] WindowsEditor [ProjectName] Editor" 

Player connection [9512]  * "[IP] 10.242.94.3 [Port] 0 [Flags] 2 [Guid] 1064863792 [EditorId] 1064863792 [Version] 1048832 [Id] WindowsEditor(7,DESKTOP-U0DOSEJ) [Debug] 1 [PackageName] WindowsEditor [ProjectName] Editor" 

Player connection [9512] Host joined multi-casting on [225.0.0.222:54997]...
Player connection [9512] Host joined alternative multi-casting on [225.0.0.222:34997]...
JobSystem: Creating JobQueue using job-worker-count value 3
Input System module state changed to: Initialized.
[Physics::Module] Initialized fallback backend.
[Physics::Module] Id: 0xdecafbad
Library Redirect Path: Library/
[Physics::Module] Selected backend.
[Physics::Module] Name: PhysX
[Physics::Module] Id: 0xf2b8ea05
[Physics::Module] SDK Version: 4.1.2
[Physics::Module] Integration Version: 1.0.0
[Physics::Module] Threading Mode: Multi-Threaded
Refreshing native plugins compatible for Editor in 1.93 ms, found 3 plugins.
Preloading 0 native plugins for Editor in 0.00 ms.
Initialize engine version: 6000.0.45f1 (d91bd3d4e081)
[Subsystems] Discovering subsystems at path D:/Programs/Unitka2022/6000.0.45f1/Editor/Data/Resources/UnitySubsystems
[Subsystems] Discovering subsystems at path D:/Projects (Unity)/NOIT2026/Assets
GfxDevice: creating device client; kGfxThreadingModeNonThreaded
Direct3D:
    Version:  Direct3D 11.0 [level 11.1]
    Renderer: Radeon (TM) RX 460 Series (ID=0x67ef)
    Vendor:   ATI
    VRAM:     4039 MB
    Driver:   31.0.21923.11000
Shader Hidden/ProbeVolume/VoxelizeScene is not supported: GPU does not support conservative rasterization
Initialize mono
Mono path[0] = 'D:/Programs/Unitka2022/6000.0.45f1/Editor/Data/Managed'
Mono path[1] = 'D:/Programs/Unitka2022/6000.0.45f1/Editor/Data/MonoBleedingEdge/lib/mono/unityjit-win32'
Mono config path = 'D:/Programs/Unitka2022/6000.0.45f1/Editor/Data/MonoBleedingEdge/etc'
Using monoOptions --debugger-agent=transport=dt_socket,embedding=1,server=y,suspend=n,address=127.0.0.1:56240
Begin MonoManager ReloadAssembly
Registering precompiled unity dll's ...
Register platform support module: D:/Programs/Unitka2022/6000.0.45f1/Editor/Data/PlaybackEngines/WindowsStandaloneSupport/UnityEditor.WindowsStandalone.Extensions.dll
Register platform support module: D:/Programs/Unitka2022/6000.0.45f1/Editor/Data/PlaybackEngines/MetroSupport/UnityEditor.UWP.Extensions.dll
Registered in 0.004778 seconds.
- Loaded All Assemblies, in  0.470 seconds
Native extension for UWP target not found
Native extension for WindowsStandalone target not found
Mono: successfully reloaded assembly
- Finished resetting the current domain, in  0.496 seconds
Domain Reload Profiling: 966ms
	BeginReloadAssembly (178ms)
		ExecutionOrderSort (0ms)
		DisableScriptedObjects (0ms)
		BackupInstance (0ms)
		ReleaseScriptingObjects (0ms)
		CreateAndSetChildDomain (1ms)
	RebuildCommonClasses (47ms)
	RebuildNativeTypeToScriptingClass (18ms)
	initialDomainReloadingComplete (52ms)
	LoadAllAssembliesAndSetupDomain (174ms)
		LoadAssemblies (178ms)
		RebuildTransferFunctionScriptingTraits (0ms)
		AnalyzeDomain (170ms)
			TypeCache.Refresh (169ms)
				TypeCache.ScanAssembly (154ms)
			BuildScriptInfoCaches (0ms)
			ResolveRequiredComponents (0ms)
	FinalizeReload (497ms)
		ReleaseScriptCaches (0ms)
		RebuildScriptCaches (0ms)
		SetupLoadedEditorAssemblies (441ms)
			LogAssemblyErrors (0ms)
			InitializePlatformSupportModulesInManaged (66ms)
			SetLoadedEditorAssemblies (6ms)
			BeforeProcessingInitializeOnLoad (59ms)
			ProcessInitializeOnLoadAttributes (223ms)
			ProcessInitializeOnLoadMethodAttributes (87ms)
			AfterProcessingInitializeOnLoad (0ms)
			EditorAssembliesLoaded (0ms)
		ExecutionOrderSort2 (0ms)
		AwakeInstancesAfterBackupRestoration (0ms)
========================================================================
Worker process is ready to serve import requests
Import Worker Mode flag is 0x00
Begin MonoManager ReloadAssembly
- Loaded All Assemblies, in  0.911 seconds
Refreshing native plugins compatible for Editor in 1.11 ms, found 3 plugins.
Native extension for UWP target not found
Native extension for WindowsStandalone target not found
[MODES] ModeService[none].Initialize
[MODES] ModeService[none].LoadModes
[MODES] Loading mode Default (0) for mode-current-id-NOIT2026
Mono: successfully reloaded assembly
- Finished resetting the current domain, in  1.114 seconds
Domain Reload Profiling: 2023ms
	BeginReloadAssembly (227ms)
		ExecutionOrderSort (0ms)
		DisableScriptedObjects (7ms)
		BackupInstance (0ms)
		ReleaseScriptingObjects (0ms)
		CreateAndSetChildDomain (33ms)
	RebuildCommonClasses (40ms)
	RebuildNativeTypeToScriptingClass (14ms)
	initialDomainReloadingComplete (42ms)
	LoadAllAssembliesAndSetupDomain (586ms)
		LoadAssemblies (439ms)
		RebuildTransferFunctionScriptingTraits (0ms)
		AnalyzeDomain (294ms)
			TypeCache.Refresh (216ms)
				TypeCache.ScanAssembly (199ms)
			BuildScriptInfoCaches (63ms)
			ResolveRequiredComponents (12ms)
	FinalizeReload (1115ms)
		ReleaseScriptCaches (0ms)
		RebuildScriptCaches (0ms)
		SetupLoadedEditorAssemblies (928ms)
			LogAssemblyErrors (0ms)
			InitializePlatformSupportModulesInManaged (14ms)
			SetLoadedEditorAssemblies (6ms)
			BeforeProcessingInitializeOnLoad (124ms)
			ProcessInitializeOnLoadAttributes (647ms)
			ProcessInitializeOnLoadMethodAttributes (135ms)
			AfterProcessingInitializeOnLoad (2ms)
			EditorAssembliesLoaded (0ms)
		ExecutionOrderSort2 (0ms)
		AwakeInstancesAfterBackupRestoration (7ms)
Shader Hidden/ProbeVolume/VoxelizeScene is not supported: GPU does not support conservative rasterization
Launched and connected shader compiler UnityShaderCompiler.exe after 0.01 seconds
Refreshing native plugins compatible for Editor in 1.32 ms, found 3 plugins.
Preloading 0 native plugins for Editor in 0.00 ms.
Unloading 359 Unused Serialized files (Serialized files now loaded: 0)
Unloading 6565 unused Assets / (8.6 MB). Loaded Objects now: 7418.
Memory consumption went from 243.9 MB to 235.3 MB.
Total: 14.287800 ms (FindLiveObjects: 0.901500 ms CreateObjectMapping: 0.873000 ms MarkObjects: 7.195600 ms  DeleteObjects: 5.315700 ms)

========================================================================
Received Import Request.
  Time since last request: 4971.262525 seconds.
  path: Assets/Scenes/Puzzles/Level1/Classroom/Classroom Baking Set.asset
  artifactKey: Guid(c6b4f7d328dde2040922638d50aa6d77) Importer(815301076,1909f56bfc062723c751e8b465ee728b)
Start importing Assets/Scenes/Puzzles/Level1/Classroom/Classroom Baking Set.asset using Guid(c6b4f7d328dde2040922638d50aa6d77) Importer(815301076,1909f56bfc062723c751e8b465ee728b) (PreviewImporter) -> (artifact id: '0c582d39bbb71c15a363ee0c57d2c704') in 0.0368571 seconds
Number of updated asset objects reloaded before import = 0Number of asset objects unloaded after import = 7

========================================================================
Received Import Request.
  Time since last request: 486.081146 seconds.
  path: Assets/Settings/PC_RPAsset.asset
  artifactKey: Guid(4b83569d67af61e458304325a23e5dfd) Importer(815301076,1909f56bfc062723c751e8b465ee728b)
Start importing Assets/Settings/PC_RPAsset.asset using Guid(4b83569d67af61e458304325a23e5dfd) Importer(815301076,1909f56bfc062723c751e8b465ee728b) (PreviewImporter) -> (artifact id: '0c753d5250c46f7cee84ea5bb946a7f6') in 0.0008831 seconds
Number of updated asset objects reloaded before import = 1Number of asset objects unloaded after import = 0

========================================================================
Received Import Request.
  Time since last request: 265.347347 seconds.
  path: Assets/Models/Props and Furniture/old-school-chair/source
  artifactKey: Guid(8bffcc7e0c09ba9488852f1fbe98ae90) Importer(815301076,1909f56bfc062723c751e8b465ee728b)
Start importing Assets/Models/Props and Furniture/old-school-chair/source using Guid(8bffcc7e0c09ba9488852f1fbe98ae90) Importer(815301076,1909f56bfc062723c751e8b465ee728b) (PreviewImporter) -> (artifact id: 'e178422570e9b4b7b3532cc2dbe42881') in 0.0007518 seconds
Number of updated asset objects reloaded before import = 0Number of asset objects unloaded after import = 0

========================================================================
Received Import Request.
  Time since last request: 0.044784 seconds.
  path: Assets/Models/Props and Furniture/old-school-chair/source/OldSchoolChair.fbx
  artifactKey: Guid(568a9351e360e3440bf46b3b48ee8063) Importer(815301076,1909f56bfc062723c751e8b465ee728b)
Start importing Assets/Models/Props and Furniture/old-school-chair/source/OldSchoolChair.fbx using Guid(568a9351e360e3440bf46b3b48ee8063) Importer(815301076,1909f56bfc062723c751e8b465ee728b) (PreviewImporter) -> (artifact id: '4d330d3d1063577aa16c599266866cce') in 0.7157083 seconds
Number of updated asset objects reloaded before import = 0Number of asset objects unloaded after import = 10

========================================================================
Received Import Request.
  Time since last request: 11.841811 seconds.
  path: Assets/Models/Props and Furniture/old-school-chair/textures
  artifactKey: Guid(56288ccacec902b4a99d027e9443ec4f) Importer(815301076,1909f56bfc062723c751e8b465ee728b)
Start importing Assets/Models/Props and Furniture/old-school-chair/textures using Guid(56288ccacec902b4a99d027e9443ec4f) Importer(815301076,1909f56bfc062723c751e8b465ee728b) (PreviewImporter) -> (artifact id: '703d69799a319be90cf33cd1b9b23ec8') in 0.0005272 seconds
Number of updated asset objects reloaded before import = 0Number of asset objects unloaded after import = 0

========================================================================
Received Import Request.
  Time since last request: 0.024027 seconds.
  path: Assets/Models/Props and Furniture/old-school-chair/textures/internal_ground_ao_texture.jpeg
  artifactKey: Guid(7dce4816d5090b94eba257288d300852) Importer(815301076,1909f56bfc062723c751e8b465ee728b)
Start importing Assets/Models/Props and Furniture/old-school-chair/textures/internal_ground_ao_texture.jpeg using Guid(7dce4816d5090b94eba257288d300852) Importer(815301076,1909f56bfc062723c751e8b465ee728b) (PreviewImporter) -> (artifact id: 'aff27a8957ec96d053ac1c5ea85e7ca4') in 0.0259885 seconds
Number of updated asset objects reloaded before import = 0Number of asset objects unloaded after import = 2

========================================================================
Received Import Request.
  Time since last request: 0.000028 seconds.
  path: Assets/Models/Props and Furniture/old-school-chair/textures/TV_CHAIR_1001_Normal.tga.png
  artifactKey: Guid(5968b496cff0f1a488d5eae2c013c90a) Importer(815301076,1909f56bfc062723c751e8b465ee728b)
Start importing Assets/Models/Props and Furniture/old-school-chair/textures/TV_CHAIR_1001_Normal.tga.png using Guid(5968b496cff0f1a488d5eae2c013c90a) Importer(815301076,1909f56bfc062723c751e8b465ee728b) (PreviewImporter) -> (artifact id: 'aa9616d2a613bfb710cf9a603d77a635') in 0.0518992 seconds
Number of updated asset objects reloaded before import = 0Number of asset objects unloaded after import = 2

========================================================================
Received Import Request.
  Time since last request: 0.000029 seconds.
  path: Assets/Models/Props and Furniture/old-school-chair/textures/TV_CHAIR_1001_Roughness.tga.png
  artifactKey: Guid(d79d2e7ecc68a6846ad1f2e4da44cd4b) Importer(815301076,1909f56bfc062723c751e8b465ee728b)
Start importing Assets/Models/Props and Furniture/old-school-chair/textures/TV_CHAIR_1001_Roughness.tga.png using Guid(d79d2e7ecc68a6846ad1f2e4da44cd4b) Importer(815301076,1909f56bfc062723c751e8b465ee728b) (PreviewImporter) -> (artifact id: '784aec34b54f448a6e3020f9bd9bf61c') in 0.0408952 seconds
Number of updated asset objects reloaded before import = 0Number of asset objects unloaded after import = 2

========================================================================
Received Import Request.
  Time since last request: 7.072007 seconds.
  path: Assets/Models/Props and Furniture/old-school-chair/textures/ChairMat.mat
  artifactKey: Guid(53a4324517c4064489a7f5cdbcca46a6) Importer(815301076,1909f56bfc062723c751e8b465ee728b)
Start importing Assets/Models/Props and Furniture/old-school-chair/textures/ChairMat.mat using Guid(53a4324517c4064489a7f5cdbcca46a6) Importer(815301076,1909f56bfc062723c751e8b465ee728b) (PreviewImporter) -> (artifact id: 'b63c90f8b73694ceda1df9a6ed6d0faf') in 0.0170858 seconds
Number of updated asset objects reloaded before import = 0Number of asset objects unloaded after import = 1

========================================================================
Received Import Request.
  Time since last request: 29.675913 seconds.
  path: Assets/Models/Props and Furniture/old-school-chair/textures/TV_CHAIR_1001_Normal.tga.png
  artifactKey: Guid(5968b496cff0f1a488d5eae2c013c90a) Importer(815301076,1909f56bfc062723c751e8b465ee728b)
Start importing Assets/Models/Props and Furniture/old-school-chair/textures/TV_CHAIR_1001_Normal.tga.png using Guid(5968b496cff0f1a488d5eae2c013c90a) Importer(815301076,1909f56bfc062723c751e8b465ee728b) (PreviewImporter) -> (artifact id: '26feb2a01cab24b6af8e9d5a9922788b') in 0.0416296 seconds
Number of updated asset objects reloaded before import = 0Number of asset objects unloaded after import = 2

========================================================================
Received Import Request.
  Time since last request: 173.801275 seconds.
  path: Assets/Models/Props and Furniture/old-school-chair/textures/ChairMat.mat
  artifactKey: Guid(53a4324517c4064489a7f5cdbcca46a6) Importer(815301076,1909f56bfc062723c751e8b465ee728b)
Start importing Assets/Models/Props and Furniture/old-school-chair/textures/ChairMat.mat using Guid(53a4324517c4064489a7f5cdbcca46a6) Importer(815301076,1909f56bfc062723c751e8b465ee728b) (PreviewImporter) -> (artifact id: '1f00b45dc84c1b30bbb137cdef240b0c') in 3.3543258 seconds
Number of updated asset objects reloaded before import = 0Number of asset objects unloaded after import = 5

========================================================================
Received Import Request.
  Time since last request: 71.407144 seconds.
  path: Assets/Scenes/Puzzles/Level2/Prototype.unity
  artifactKey: Guid(8b51405f4af707143b3ffafad52e5cd3) Importer(815301076,1909f56bfc062723c751e8b465ee728b)
Start importing Assets/Scenes/Puzzles/Level2/Prototype.unity using Guid(8b51405f4af707143b3ffafad52e5cd3) Importer(815301076,1909f56bfc062723c751e8b465ee728b) (PreviewImporter) -> (artifact id: '267afcd4cf6bcddcaa1889c434852f84') in 0.0006545 seconds
Number of updated asset objects reloaded before import = 0Number of asset objects unloaded after import = 0

========================================================================
Received Import Request.
  Time since last request: 8.313762 seconds.
  path: Assets/Scenes/Puzzles/Level2/SchoolYard.unity
  artifactKey: Guid(8b51405f4af707143b3ffafad52e5cd3) Importer(815301076,1909f56bfc062723c751e8b465ee728b)
Start importing Assets/Scenes/Puzzles/Level2/SchoolYard.unity using Guid(8b51405f4af707143b3ffafad52e5cd3) Importer(815301076,1909f56bfc062723c751e8b465ee728b) (PreviewImporter) -> (artifact id: '18be06d733e9400f8eb8ba6d63988eba') in 0.0005292 seconds
Number of updated asset objects reloaded before import = 0Number of asset objects unloaded after import = 0

========================================================================
Received Prepare
Begin MonoManager ReloadAssembly
- Loaded All Assemblies, in  2.208 seconds
Refreshing native plugins compatible for Editor in 1.09 ms, found 3 plugins.
Native extension for UWP target not found
Native extension for WindowsStandalone target not found
[MODES] ModeService[none].Initialize
[MODES] ModeService[none].LoadModes
Mono: successfully reloaded assembly
- Finished resetting the current domain, in  1.235 seconds
Domain Reload Profiling: 3447ms
	BeginReloadAssembly (542ms)
		ExecutionOrderSort (0ms)
		DisableScriptedObjects (34ms)
		BackupInstance (0ms)
		ReleaseScriptingObjects (0ms)
		CreateAndSetChildDomain (67ms)
	RebuildCommonClasses (53ms)
	RebuildNativeTypeToScriptingClass (16ms)
	initialDomainReloadingComplete (28ms)
	LoadAllAssembliesAndSetupDomain (1571ms)
		LoadAssemblies (1652ms)
		RebuildTransferFunctionScriptingTraits (0ms)
		AnalyzeDomain (299ms)
			TypeCache.Refresh (164ms)
				TypeCache.ScanAssembly (150ms)
			BuildScriptInfoCaches (111ms)
			ResolveRequiredComponents (21ms)
	FinalizeReload (1236ms)
		ReleaseScriptCaches (0ms)
		RebuildScriptCaches (0ms)
		SetupLoadedEditorAssemblies (1001ms)
			LogAssemblyErrors (0ms)
			InitializePlatformSupportModulesInManaged (14ms)
			SetLoadedEditorAssemblies (5ms)
			BeforeProcessingInitializeOnLoad (145ms)
			ProcessInitializeOnLoadAttributes (688ms)
			ProcessInitializeOnLoadMethodAttributes (146ms)
			AfterProcessingInitializeOnLoad (3ms)
			EditorAssembliesLoaded (0ms)
		ExecutionOrderSort2 (0ms)
		AwakeInstancesAfterBackupRestoration (23ms)
Shader Hidden/ProbeVolume/VoxelizeScene is not supported: GPU does not support conservative rasterization
Refreshing native plugins compatible for Editor in 1.64 ms, found 3 plugins.
Preloading 0 native plugins for Editor in 0.00 ms.
Unloading 91 Unused Serialized files (Serialized files now loaded: 0)
Unloading 6697 unused Assets / (14.6 MB). Loaded Objects now: 7598.
Memory consumption went from 205.1 MB to 190.5 MB.
Total: 16.614500 ms (FindLiveObjects: 0.949200 ms CreateObjectMapping: 0.667300 ms MarkObjects: 5.929200 ms  DeleteObjects: 9.066800 ms)

Prepare: number of updated asset objects reloaded= 5
========================================================================
Received Prepare
Begin MonoManager ReloadAssembly
- Loaded All Assemblies, in  3.107 seconds
Refreshing native plugins compatible for Editor in 1.14 ms, found 3 plugins.
Native extension for UWP target not found
Native extension for WindowsStandalone target not found
[MODES] ModeService[none].Initialize
[MODES] ModeService[none].LoadModes
Mono: successfully reloaded assembly
- Finished resetting the current domain, in  1.327 seconds
Domain Reload Profiling: 4435ms
	BeginReloadAssembly (569ms)
		ExecutionOrderSort (0ms)
		DisableScriptedObjects (7ms)
		BackupInstance (0ms)
		ReleaseScriptingObjects (0ms)
		CreateAndSetChildDomain (61ms)
	RebuildCommonClasses (149ms)
	RebuildNativeTypeToScriptingClass (15ms)
	initialDomainReloadingComplete (31ms)
	LoadAllAssembliesAndSetupDomain (2345ms)
		LoadAssemblies (2589ms)
		RebuildTransferFunctionScriptingTraits (0ms)
		AnalyzeDomain (210ms)
			TypeCache.Refresh (10ms)
				TypeCache.ScanAssembly (1ms)
			BuildScriptInfoCaches (184ms)
			ResolveRequiredComponents (12ms)
	FinalizeReload (1327ms)
		ReleaseScriptCaches (0ms)
		RebuildScriptCaches (0ms)
		SetupLoadedEditorAssemblies (834ms)
			LogAssemblyErrors (0ms)
			InitializePlatformSupportModulesInManaged (12ms)
			SetLoadedEditorAssemblies (4ms)
			BeforeProcessingInitializeOnLoad (117ms)
			ProcessInitializeOnLoadAttributes (600ms)
			ProcessInitializeOnLoadMethodAttributes (99ms)
			AfterProcessingInitializeOnLoad (2ms)
			EditorAssembliesLoaded (0ms)
		ExecutionOrderSort2 (0ms)
		AwakeInstancesAfterBackupRestoration (15ms)
Shader Hidden/ProbeVolume/VoxelizeScene is not supported: GPU does not support conservative rasterization
Refreshing native plugins compatible for Editor in 1.45 ms, found 3 plugins.
Preloading 0 native plugins for Editor in 0.00 ms.
Unloading 84 Unused Serialized files (Serialized files now loaded: 0)
Unloading 6715 unused Assets / (13.9 MB). Loaded Objects now: 7619.
Memory consumption went from 204.8 MB to 190.8 MB.
Total: 14.812700 ms (FindLiveObjects: 0.854900 ms CreateObjectMapping: 0.516100 ms MarkObjects: 6.129000 ms  DeleteObjects: 7.311600 ms)

Prepare: number of updated asset objects reloaded= 0
========================================================================
Received Import Request.
  Time since last request: 1194.816904 seconds.
  path: Assets/Fries and Seagull
  artifactKey: Guid(5111b66c3b6c73d4990fc2634ef6f863) Importer(815301076,1909f56bfc062723c751e8b465ee728b)
Start importing Assets/Fries and Seagull using Guid(5111b66c3b6c73d4990fc2634ef6f863) Importer(815301076,1909f56bfc062723c751e8b465ee728b) (PreviewImporter) -> (artifact id: 'c5c922e5fd48554868c885641b8bfc3f') in 0.0020677 seconds
Number of updated asset objects reloaded before import = 0Number of asset objects unloaded after import = 0

========================================================================
Received Import Request.
  Time since last request: 0.000114 seconds.
  path: Assets/Fries and Seagull/City 03
  artifactKey: Guid(2ae83d17aaa56584fa5b9c87bd9e1295) Importer(815301076,1909f56bfc062723c751e8b465ee728b)
Start importing Assets/Fries and Seagull/City 03 using Guid(2ae83d17aaa56584fa5b9c87bd9e1295) Importer(815301076,1909f56bfc062723c751e8b465ee728b) (PreviewImporter) -> (artifact id: '39afa34957088b29f72bbdec37660294') in 0.0006545 seconds
Number of updated asset objects reloaded before import = 0Number of asset objects unloaded after import = 0

========================================================================
Received Import Request.
  Time since last request: 0.000026 seconds.
  path: Assets/Fries and Seagull/City 03/Array Arranger.prefab
  artifactKey: Guid(0b5ff34b0f47d3147b70aaaa0acf284f) Importer(815301076,1909f56bfc062723c751e8b465ee728b)
Start importing Assets/Fries and Seagull/City 03/Array Arranger.prefab using Guid(0b5ff34b0f47d3147b70aaaa0acf284f) Importer(815301076,1909f56bfc062723c751e8b465ee728b) (PreviewImporter) -> (artifact id: '5a4981941cb2c93eaf440e95d75d3970') in 0.0569956 seconds
Number of updated asset objects reloaded before import = 0Number of asset objects unloaded after import = 5

========================================================================
Received Import Request.
  Time since last request: 1.507079 seconds.
  path: Assets/Fries and Seagull/City 03/Scene Props
  artifactKey: Guid(096fc99c0fda9d348aa7b308c2a270eb) Importer(815301076,1909f56bfc062723c751e8b465ee728b)
Start importing Assets/Fries and Seagull/City 03/Scene Props using Guid(096fc99c0fda9d348aa7b308c2a270eb) Importer(815301076,1909f56bfc062723c751e8b465ee728b) (PreviewImporter) -> (artifact id: 'ae27b357922a1fe403ef2bb5329bbf56') in 0.0004604 seconds
Number of updated asset objects reloaded before import = 0Number of asset objects unloaded after import = 0

========================================================================
Received Import Request.
  Time since last request: 0.044685 seconds.
  path: Assets/Fries and Seagull/City 03/Scene Props/BRP Post Process.prefab
  artifactKey: Guid(ba73728ec352f8742b6e0e2e3c60287b) Importer(815301076,1909f56bfc062723c751e8b465ee728b)
Start importing Assets/Fries and Seagull/City 03/Scene Props/BRP Post Process.prefab using Guid(ba73728ec352f8742b6e0e2e3c60287b) Importer(815301076,1909f56bfc062723c751e8b465ee728b) (PreviewImporter) -> (artifact id: 'f712a0f1dbe8759433bd2e8c9949286e') in 0.0124409 seconds
Number of updated asset objects reloaded before import = 0Number of asset objects unloaded after import = 11

========================================================================
Received Import Request.
  Time since last request: 0.000017 seconds.
  path: Assets/Fries and Seagull/City 03/Scene Props/URP Post Process Profile.asset
  artifactKey: Guid(f341bd8f800061c4796c964155e32452) Importer(815301076,1909f56bfc062723c751e8b465ee728b)
Start importing Assets/Fries and Seagull/City 03/Scene Props/URP Post Process Profile.asset using Guid(f341bd8f800061c4796c964155e32452) Importer(815301076,1909f56bfc062723c751e8b465ee728b) (PreviewImporter) -> (artifact id: '25e826de22133b1909ad68b23428ec14') in 0.002069 seconds
Number of updated asset objects reloaded before import = 0Number of asset objects unloaded after import = 5

========================================================================
Received Import Request.
  Time since last request: 3.731069 seconds.
  path: Assets/Fries and Seagull/City 03/Sample Scene
  artifactKey: Guid(83de1126f8fddaf48abc9b6306699bb8) Importer(815301076,1909f56bfc062723c751e8b465ee728b)
Start importing Assets/Fries and Seagull/City 03/Sample Scene using Guid(83de1126f8fddaf48abc9b6306699bb8) Importer(815301076,1909f56bfc062723c751e8b465ee728b) (PreviewImporter) -> (artifact id: 'efffc215751940a61ed4ceb120464ac9') in 0.0005209 seconds
Number of updated asset objects reloaded before import = 0Number of asset objects unloaded after import = 0

========================================================================
Received Import Request.
  Time since last request: 0.027536 seconds.
  path: Assets/Fries and Seagull/City 03/Sample Scene/LightingData.asset
  artifactKey: Guid(1571a14e8bdd9f44881cd2cdbbfbf8fc) Importer(815301076,1909f56bfc062723c751e8b465ee728b)
Start importing Assets/Fries and Seagull/City 03/Sample Scene/LightingData.asset using Guid(1571a14e8bdd9f44881cd2cdbbfbf8fc) Importer(815301076,1909f56bfc062723c751e8b465ee728b) (PreviewImporter) -> (artifact id: '997908155436f0f6ac066a95a3585eb3') in 0.0017129 seconds
Number of updated asset objects reloaded before import = 0Number of asset objects unloaded after import = 2

========================================================================
Received Import Request.
  Time since last request: 2.989717 seconds.
  path: Assets/Fries and Seagull/City 03/Scene Props/Scripts
  artifactKey: Guid(ccbb56dada68d334aa42e1e2ec34e1c7) Importer(815301076,1909f56bfc062723c751e8b465ee728b)
Start importing Assets/Fries and Seagull/City 03/Scene Props/Scripts using Guid(ccbb56dada68d334aa42e1e2ec34e1c7) Importer(815301076,1909f56bfc062723c751e8b465ee728b) (PreviewImporter) -> (artifact id: 'bfd2271c13c1ff890e3f37021d1d748e') in 0.0004872 seconds
Number of updated asset objects reloaded before import = 0Number of asset objects unloaded after import = 0

========================================================================
Received Prepare
Shader Hidden/ProbeVolume/VoxelizeScene is not supported: GPU does not support conservative rasterization
Refreshing native plugins compatible for Editor in 1.34 ms, found 3 plugins.
Preloading 0 native plugins for Editor in 0.00 ms.
Unloading 84 Unused Serialized files (Serialized files now loaded: 0)
Unloading 6689 unused Assets / (13.5 MB). Loaded Objects now: 7600.
Memory consumption went from 205.1 MB to 191.6 MB.
Total: 16.316100 ms (FindLiveObjects: 1.140700 ms CreateObjectMapping: 1.238300 ms MarkObjects: 7.387600 ms  DeleteObjects: 6.548000 ms)

Prepare: number of updated asset objects reloaded= 0
========================================================================
Received Prepare
Begin MonoManager ReloadAssembly
- Loaded All Assemblies, in  0.855 seconds
Refreshing native plugins compatible for Editor in 1.23 ms, found 3 plugins.
Native extension for UWP target not found
Native extension for WindowsStandalone target not found
[MODES] ModeService[none].Initialize
[MODES] ModeService[none].LoadModes
Mono: successfully reloaded assembly
- Finished resetting the current domain, in  1.247 seconds
Domain Reload Profiling: 2105ms
	BeginReloadAssembly (250ms)
		ExecutionOrderSort (0ms)
		DisableScriptedObjects (12ms)
		BackupInstance (0ms)
		ReleaseScriptingObjects (0ms)
		CreateAndSetChildDomain (53ms)
	RebuildCommonClasses (47ms)
	RebuildNativeTypeToScriptingClass (16ms)
	initialDomainReloadingComplete (31ms)
	LoadAllAssembliesAndSetupDomain (513ms)
		LoadAssemblies (422ms)
		RebuildTransferFunctionScriptingTraits (0ms)
		AnalyzeDomain (228ms)
			TypeCache.Refresh (12ms)
				TypeCache.ScanAssembly (2ms)
			BuildScriptInfoCaches (199ms)
			ResolveRequiredComponents (12ms)
	FinalizeReload (1248ms)
		ReleaseScriptCaches (0ms)
		RebuildScriptCaches (0ms)
		SetupLoadedEditorAssemblies (956ms)
			LogAssemblyErrors (0ms)
			InitializePlatformSupportModulesInManaged (16ms)
			SetLoadedEditorAssemblies (5ms)
			BeforeProcessingInitializeOnLoad (134ms)
			ProcessInitializeOnLoadAttributes (673ms)
			ProcessInitializeOnLoadMethodAttributes (124ms)
			AfterProcessingInitializeOnLoad (3ms)
			EditorAssembliesLoaded (0ms)
		ExecutionOrderSort2 (0ms)
		AwakeInstancesAfterBackupRestoration (18ms)
Shader Hidden/ProbeVolume/VoxelizeScene is not supported: GPU does not support conservative rasterization
Refreshing native plugins compatible for Editor in 1.29 ms, found 3 plugins.
Preloading 0 native plugins for Editor in 0.00 ms.
Unloading 84 Unused Serialized files (Serialized files now loaded: 0)
Unloading 6696 unused Assets / (14.2 MB). Loaded Objects now: 7602.
Memory consumption went from 204.7 MB to 190.6 MB.
Total: 14.588500 ms (FindLiveObjects: 0.899400 ms CreateObjectMapping: 0.496400 ms MarkObjects: 5.679500 ms  DeleteObjects: 7.511500 ms)

Prepare: number of updated asset objects reloaded= 0
========================================================================
Received Import Request.
  Time since last request: 19.810879 seconds.
  path: Assets/Fries and Seagull/City 03/Scene Props/BRP Post Process.prefab
  artifactKey: Guid(ba73728ec352f8742b6e0e2e3c60287b) Importer(815301076,1909f56bfc062723c751e8b465ee728b)
Start importing Assets/Fries and Seagull/City 03/Scene Props/BRP Post Process.prefab using Guid(ba73728ec352f8742b6e0e2e3c60287b) Importer(815301076,1909f56bfc062723c751e8b465ee728b) (PreviewImporter) -> (artifact id: 'f90bc25fcfb50f179c04a2b4c601ef88') in 0.0471017 seconds
Number of updated asset objects reloaded before import = 0Number of asset objects unloaded after import = 11

========================================================================
Received Import Request.
  Time since last request: 79.452772 seconds.
  path: Assets/Parks And Nature Pack
  artifactKey: Guid(9f87b0aff140af74da0e29a16733c817) Importer(815301076,1909f56bfc062723c751e8b465ee728b)
Start importing Assets/Parks And Nature Pack using Guid(9f87b0aff140af74da0e29a16733c817) Importer(815301076,1909f56bfc062723c751e8b465ee728b) (PreviewImporter) -> (artifact id: '854fe5c8c44f3ca52cd9bc8f92f4d21d') in 0.0004772 seconds
Number of updated asset objects reloaded before import = 0Number of asset objects unloaded after import = 0

========================================================================
Received Import Request.
  Time since last request: 10792.573286 seconds.
  path: Assets/Models/Outdoor/musik-school
  artifactKey: Guid(bcc8cd3b26b009b44aa23782e814264a) Importer(815301076,1909f56bfc062723c751e8b465ee728b)
Start importing Assets/Models/Outdoor/musik-school using Guid(bcc8cd3b26b009b44aa23782e814264a) Importer(815301076,1909f56bfc062723c751e8b465ee728b) (PreviewImporter) -> (artifact id: '829b21af64e387772995f1340ff2934d') in 0.0005911 seconds
Number of updated asset objects reloaded before import = 0Number of asset objects unloaded after import = 0

========================================================================
Received Import Request.
  Time since last request: 0.287091 seconds.
  path: Assets/Models/Outdoor/musik-school/source
  artifactKey: Guid(e8ee91df555845240989d76ba6ec7cb0) Importer(815301076,1909f56bfc062723c751e8b465ee728b)
Start importing Assets/Models/Outdoor/musik-school/source using Guid(e8ee91df555845240989d76ba6ec7cb0) Importer(815301076,1909f56bfc062723c751e8b465ee728b) (PreviewImporter) -> (artifact id: '518f27b041e47eed03e7d491e136b7f9') in 0.0005363 seconds
Number of updated asset objects reloaded before import = 0Number of asset objects unloaded after import = 0

========================================================================
Received Import Request.
  Time since last request: 1.264570 seconds.
  path: Assets/Models/Outdoor/musik-school/source/muzik_school_triangle.zip
  artifactKey: Guid(edf79e952217f8f438b7f44c79b642d7) Importer(815301076,1909f56bfc062723c751e8b465ee728b)
Start importing Assets/Models/Outdoor/musik-school/source/muzik_school_triangle.zip using Guid(edf79e952217f8f438b7f44c79b642d7) Importer(815301076,1909f56bfc062723c751e8b465ee728b) (PreviewImporter) -> (artifact id: 'ada740e694928e1670eb8188b339ab81') in 0.0011785 seconds
Number of updated asset objects reloaded before import = 0Number of asset objects unloaded after import = 1

========================================================================
Received Import Request.
  Time since last request: 26.628248 seconds.
  path: Assets/Models/Outdoor/musik-school/source/12.obj
  artifactKey: Guid(8aacafca111db60478f8c44147815cd8) Importer(815301076,1909f56bfc062723c751e8b465ee728b)
Start importing Assets/Models/Outdoor/musik-school/source/12.obj using Guid(8aacafca111db60478f8c44147815cd8) Importer(815301076,1909f56bfc062723c751e8b465ee728b) (PreviewImporter) -> (artifact id: '94920d175b3c44ed10559bae051d9a23') in 0.8666911 seconds
Number of updated asset objects reloaded before import = 0Number of asset objects unloaded after import = 87

========================================================================
Received Import Request.
  Time since last request: 45.841532 seconds.
  path: Assets/New Terrain 5.asset
  artifactKey: Guid(89f19bc1865788b44a81890fb69f530e) Importer(815301076,1909f56bfc062723c751e8b465ee728b)
Start importing Assets/New Terrain 5.asset using Guid(89f19bc1865788b44a81890fb69f530e) Importer(815301076,1909f56bfc062723c751e8b465ee728b) (PreviewImporter) -> (artifact id: 'c2f736c535f06d49a0b0e5a2e0577fea') in 0.0058921 seconds
Number of updated asset objects reloaded before import = 0Number of asset objects unloaded after import = 1

========================================================================
Received Import Request.
  Time since last request: 654.037724 seconds.
  path: Assets/Models/Outdoor/KajamansRoads/Free/Obj
  artifactKey: Guid(cb6e46b479d089d4cb4644e1b920442d) Importer(815301076,1909f56bfc062723c751e8b465ee728b)
Start importing Assets/Models/Outdoor/KajamansRoads/Free/Obj using Guid(cb6e46b479d089d4cb4644e1b920442d) Importer(815301076,1909f56bfc062723c751e8b465ee728b) (PreviewImporter) -> (artifact id: 'be5510525ad2a1b8c2b0cb0e9f54bacf') in 0.0117405 seconds
Number of updated asset objects reloaded before import = 0Number of asset objects unloaded after import = 0

========================================================================
Received Import Request.
  Time since last request: 0.025754 seconds.
  path: Assets/Models/Outdoor/KajamansRoads/Free/Obj/l10km_cc4_sl20_t(12123025)_A87113010_Alley.obj
  artifactKey: Guid(fd4a0cb4c013bfe4490ba77940a5a695) Importer(815301076,1909f56bfc062723c751e8b465ee728b)
Start importing Assets/Models/Outdoor/KajamansRoads/Free/Obj/l10km_cc4_sl20_t(12123025)_A87113010_Alley.obj using Guid(fd4a0cb4c013bfe4490ba77940a5a695) Importer(815301076,1909f56bfc062723c751e8b465ee728b) (PreviewImporter) -> (artifact id: 'cbd412d94973e82dd534583422de0ee6') in 0.0375842 seconds
Number of updated asset objects reloaded before import = 0Number of asset objects unloaded after import = 10

========================================================================
Received Import Request.
  Time since last request: 0.000022 seconds.
  path: Assets/Models/Outdoor/KajamansRoads/Free/Obj/l20km_cc2_sl30_t(401509)_rw28_wh15_n1_RsBTW_MeshV00.obj
  artifactKey: Guid(eaa80a420ac74e04cbd3de2123856495) Importer(815301076,1909f56bfc062723c751e8b465ee728b)
Start importing Assets/Models/Outdoor/KajamansRoads/Free/Obj/l20km_cc2_sl30_t(401509)_rw28_wh15_n1_RsBTW_MeshV00.obj using Guid(eaa80a420ac74e04cbd3de2123856495) Importer(815301076,1909f56bfc062723c751e8b465ee728b) (PreviewImporter) -> (artifact id: '3b4b7f7d4eb74e1a2f107e5a3542b4d6') in 0.0544067 seconds
Number of updated asset objects reloaded before import = 0Number of asset objects unloaded after import = 28

========================================================================
Received Import Request.
  Time since last request: 0.000025 seconds.
  path: Assets/Models/Outdoor/KajamansRoads/Free/Obj/l10km_cc4_sl69_t(1212029)_rw12_wh15_n1_RsBtW_MeshV00.obj
  artifactKey: Guid(4d1c0c37730856b4a9a945ffefad4ab3) Importer(815301076,1909f56bfc062723c751e8b465ee728b)
Start importing Assets/Models/Outdoor/KajamansRoads/Free/Obj/l10km_cc4_sl69_t(1212029)_rw12_wh15_n1_RsBtW_MeshV00.obj using Guid(4d1c0c37730856b4a9a945ffefad4ab3) Importer(815301076,1909f56bfc062723c751e8b465ee728b) (PreviewImporter) -> (artifact id: 'abe421f02e2656737a5800468861a877') in 0.0494947 seconds
Number of updated asset objects reloaded before import = 0Number of asset objects unloaded after import = 22

========================================================================
Received Import Request.
  Time since last request: 10.614562 seconds.
  path: Assets/Models/Outdoor/Fries and Seagull/City 03/Array Arranger.prefab
  artifactKey: Guid(0b5ff34b0f47d3147b70aaaa0acf284f) Importer(815301076,1909f56bfc062723c751e8b465ee728b)
Start importing Assets/Models/Outdoor/Fries and Seagull/City 03/Array Arranger.prefab using Guid(0b5ff34b0f47d3147b70aaaa0acf284f) Importer(815301076,1909f56bfc062723c751e8b465ee728b) (PreviewImporter) -> (artifact id: '59f637ce9d25dacc9bfd45e67a155097') in 0.0021593 seconds
Number of updated asset objects reloaded before import = 0Number of asset objects unloaded after import = 5

========================================================================
Received Import Request.
  Time since last request: 19.097214 seconds.
  path: Assets/Models/Buildings/City 03/BRP Sample Scene.unity
  artifactKey: Guid(ab87d11da6d96f843bfe3ecf6b8a89ba) Importer(815301076,1909f56bfc062723c751e8b465ee728b)
Start importing Assets/Models/Buildings/City 03/BRP Sample Scene.unity using Guid(ab87d11da6d96f843bfe3ecf6b8a89ba) Importer(815301076,1909f56bfc062723c751e8b465ee728b) (PreviewImporter) -> (artifact id: 'f46328ce2b61adb790494ccc384d6408') in 0.0004916 seconds
Number of updated asset objects reloaded before import = 0Number of asset objects unloaded after import = 0

========================================================================
Received Import Request.
  Time since last request: 5.333308 seconds.
  path: Assets/Models/Buildings/City 03/Models
  artifactKey: Guid(b1e2e42254982244fbbc44b75d79094d) Importer(815301076,1909f56bfc062723c751e8b465ee728b)
Start importing Assets/Models/Buildings/City 03/Models using Guid(b1e2e42254982244fbbc44b75d79094d) Importer(815301076,1909f56bfc062723c751e8b465ee728b) (PreviewImporter) -> (artifact id: '4fde7e98ffc429768c75301e78bc5f93') in 0.0005015 seconds
Number of updated asset objects reloaded before import = 0Number of asset objects unloaded after import = 0

========================================================================
Received Import Request.
  Time since last request: 0.850862 seconds.
  path: Assets/Models/Buildings/City 03/Models/Barricade 1.fbx
  artifactKey: Guid(acfb1e5538b4fa24aa01ddfbe80a5406) Importer(815301076,1909f56bfc062723c751e8b465ee728b)
Start importing Assets/Models/Buildings/City 03/Models/Barricade 1.fbx using Guid(acfb1e5538b4fa24aa01ddfbe80a5406) Importer(815301076,1909f56bfc062723c751e8b465ee728b) (PreviewImporter) -> (artifact id: '3ce58d2ef262c34950e63872b3780355') in 0.0839949 seconds
Number of updated asset objects reloaded before import = 0Number of asset objects unloaded after import = 12

========================================================================
Received Import Request.
  Time since last request: 0.000028 seconds.
  path: Assets/Models/Buildings/City 03/Models/Barricade 3.fbx
  artifactKey: Guid(d6acac2ae56d3a84f9470eda878b8e51) Importer(815301076,1909f56bfc062723c751e8b465ee728b)
Start importing Assets/Models/Buildings/City 03/Models/Barricade 3.fbx using Guid(d6acac2ae56d3a84f9470eda878b8e51) Importer(815301076,1909f56bfc062723c751e8b465ee728b) (PreviewImporter) -> (artifact id: '96e43a650c98a2cd400a0f3872456420') in 0.0371122 seconds
Number of updated asset objects reloaded before import = 0Number of asset objects unloaded after import = 10

========================================================================
Received Import Request.
  Time since last request: 0.000032 seconds.
  path: Assets/Models/Buildings/City 03/Models/Guardrail.fbx
  artifactKey: Guid(586a598bd105f454593db62829e2dafd) Importer(815301076,1909f56bfc062723c751e8b465ee728b)
Start importing Assets/Models/Buildings/City 03/Models/Guardrail.fbx using Guid(586a598bd105f454593db62829e2dafd) Importer(815301076,1909f56bfc062723c751e8b465ee728b) (PreviewImporter) -> (artifact id: '14540da4faa300b3c06b18bcf101def0') in 0.0271672 seconds
Number of updated asset objects reloaded before import = 0Number of asset objects unloaded after import = 8

========================================================================
Received Import Request.
  Time since last request: 0.000022 seconds.
  path: Assets/Models/Buildings/City 03/Models/Clouds.fbx
  artifactKey: Guid(01d50955165677c4f9ec7a3ce8cf9ecd) Importer(815301076,1909f56bfc062723c751e8b465ee728b)
Start importing Assets/Models/Buildings/City 03/Models/Clouds.fbx using Guid(01d50955165677c4f9ec7a3ce8cf9ecd) Importer(815301076,1909f56bfc062723c751e8b465ee728b) (PreviewImporter) -> (artifact id: '08d6e75f2726a084bc85c8aeaf07f8d8') in 0.0429008 seconds
Number of updated asset objects reloaded before import = 0Number of asset objects unloaded after import = 9

========================================================================
Received Import Request.
  Time since last request: 0.000130 seconds.
  path: Assets/Models/Buildings/City 03/Models/Box 2.fbx
  artifactKey: Guid(29388931ff48f1d449e07e2613a78b7b) Importer(815301076,1909f56bfc062723c751e8b465ee728b)
Start importing Assets/Models/Buildings/City 03/Models/Box 2.fbx using Guid(29388931ff48f1d449e07e2613a78b7b) Importer(815301076,1909f56bfc062723c751e8b465ee728b) (PreviewImporter) -> (artifact id: '45cf1f3d0bd3ad178604335e545e0748') in 0.0443758 seconds
Number of updated asset objects reloaded before import = 0Number of asset objects unloaded after import = 11

========================================================================
Received Import Request.
  Time since last request: 0.000025 seconds.
  path: Assets/Models/Buildings/City 03/Models/Dumpster 1.fbx
  artifactKey: Guid(880f61e44a800fd41be61df539c2a5a9) Importer(815301076,1909f56bfc062723c751e8b465ee728b)
Start importing Assets/Models/Buildings/City 03/Models/Dumpster 1.fbx using Guid(880f61e44a800fd41be61df539c2a5a9) Importer(815301076,1909f56bfc062723c751e8b465ee728b) (PreviewImporter) -> (artifact id: '8ca5a50aa9fdf2aadf146aaa8080ea84') in 0.030559 seconds
Number of updated asset objects reloaded before import = 0Number of asset objects unloaded after import = 9

========================================================================
Received Import Request.
  Time since last request: 0.000032 seconds.
  path: Assets/Models/Buildings/City 03/Models/Escalator.fbx
  artifactKey: Guid(b4eb7ec3791f2b34b938c6b6167fa7a8) Importer(815301076,1909f56bfc062723c751e8b465ee728b)
Start importing Assets/Models/Buildings/City 03/Models/Escalator.fbx using Guid(b4eb7ec3791f2b34b938c6b6167fa7a8) Importer(815301076,1909f56bfc062723c751e8b465ee728b) (PreviewImporter) -> (artifact id: '5b9567da0b6b6c4fe0034ee9794e5ef2') in 0.0570089 seconds
Number of updated asset objects reloaded before import = 0Number of asset objects unloaded after import = 13

========================================================================
Received Import Request.
  Time since last request: 0.000026 seconds.
  path: Assets/Models/Buildings/City 03/Models/Dumpster 2.fbx
  artifactKey: Guid(4f992e79413a7c5408c336d9451258dc) Importer(815301076,1909f56bfc062723c751e8b465ee728b)
Start importing Assets/Models/Buildings/City 03/Models/Dumpster 2.fbx using Guid(4f992e79413a7c5408c336d9451258dc) Importer(815301076,1909f56bfc062723c751e8b465ee728b) (PreviewImporter) -> (artifact id: '920c4a8c3c5300de36bf8b3d14436b4d') in 0.0518398 seconds
Number of updated asset objects reloaded before import = 0Number of asset objects unloaded after import = 15

========================================================================
Received Import Request.
  Time since last request: 0.000026 seconds.
  path: Assets/Models/Buildings/City 03/Models/Ground Markings 1.fbx
  artifactKey: Guid(b6ff114b69b3f2746b620bc1d4d5ddd0) Importer(815301076,1909f56bfc062723c751e8b465ee728b)
Start importing Assets/Models/Buildings/City 03/Models/Ground Markings 1.fbx using Guid(b6ff114b69b3f2746b620bc1d4d5ddd0) Importer(815301076,1909f56bfc062723c751e8b465ee728b) (PreviewImporter) -> (artifact id: 'df6322ef955fb4b557efd8eeb82d80a9') in 0.0326117 seconds
Number of updated asset objects reloaded before import = 0Number of asset objects unloaded after import = 7

========================================================================
Received Import Request.
  Time since last request: 0.000028 seconds.
  path: Assets/Models/Buildings/City 03/Models/Box 1.fbx
  artifactKey: Guid(bf3f251a4ef209c449d7550e92b6583a) Importer(815301076,1909f56bfc062723c751e8b465ee728b)
Start importing Assets/Models/Buildings/City 03/Models/Box 1.fbx using Guid(bf3f251a4ef209c449d7550e92b6583a) Importer(815301076,1909f56bfc062723c751e8b465ee728b) (PreviewImporter) -> (artifact id: '4f3a478123e6708b03fde18a7e5f011a') in 0.0411643 seconds
Number of updated asset objects reloaded before import = 0Number of asset objects unloaded after import = 10

========================================================================
Received Import Request.
  Time since last request: 0.000031 seconds.
  path: Assets/Models/Buildings/City 03/Models/Barrier Gate.fbx
  artifactKey: Guid(e8b971a7f4b9a1a4788d96718fc13716) Importer(815301076,1909f56bfc062723c751e8b465ee728b)
Start importing Assets/Models/Buildings/City 03/Models/Barrier Gate.fbx using Guid(e8b971a7f4b9a1a4788d96718fc13716) Importer(815301076,1909f56bfc062723c751e8b465ee728b) (PreviewImporter) -> (artifact id: '58e68e87b93b2d41625ebd3d71ed1bdf') in 0.0617241 seconds
Number of updated asset objects reloaded before import = 0Number of asset objects unloaded after import = 17

========================================================================
Received Import Request.
  Time since last request: 0.000024 seconds.
  path: Assets/Models/Buildings/City 03/Models/Ground Markings 2.fbx
  artifactKey: Guid(524751b8017ef784783aa006d8ff7cde) Importer(815301076,1909f56bfc062723c751e8b465ee728b)
Start importing Assets/Models/Buildings/City 03/Models/Ground Markings 2.fbx using Guid(524751b8017ef784783aa006d8ff7cde) Importer(815301076,1909f56bfc062723c751e8b465ee728b) (PreviewImporter) -> (artifact id: '614d7f996a1afbe4203ad60a1de4f611') in 0.0307747 seconds
Number of updated asset objects reloaded before import = 0Number of asset objects unloaded after import = 7

========================================================================
Received Import Request.
  Time since last request: 0.000023 seconds.
  path: Assets/Models/Buildings/City 03/Models/Barricade 4.fbx
  artifactKey: Guid(3fdccd7edd8b7974c8dd79d3c804e502) Importer(815301076,1909f56bfc062723c751e8b465ee728b)
Start importing Assets/Models/Buildings/City 03/Models/Barricade 4.fbx using Guid(3fdccd7edd8b7974c8dd79d3c804e502) Importer(815301076,1909f56bfc062723c751e8b465ee728b) (PreviewImporter) -> (artifact id: 'bc881147a2793211b4ee92061e46b72c') in 0.0586467 seconds
Number of updated asset objects reloaded before import = 0Number of asset objects unloaded after import = 17

========================================================================
Received Import Request.
  Time since last request: 0.000028 seconds.
  path: Assets/Models/Buildings/City 03/Models/Fruit Crate.fbx
  artifactKey: Guid(e8a7fdc79fad95c4890853ea0e51bd92) Importer(815301076,1909f56bfc062723c751e8b465ee728b)
Start importing Assets/Models/Buildings/City 03/Models/Fruit Crate.fbx using Guid(e8a7fdc79fad95c4890853ea0e51bd92) Importer(815301076,1909f56bfc062723c751e8b465ee728b) (PreviewImporter) -> (artifact id: 'a3db77d3737c617ff91cf5b70764d2ec') in 0.0271777 seconds
Number of updated asset objects reloaded before import = 0Number of asset objects unloaded after import = 8

========================================================================
Received Import Request.
  Time since last request: 0.000041 seconds.
  path: Assets/Models/Buildings/City 03/Models/Clouds.prefab
  artifactKey: Guid(00672ab649754244dab6326bfd069db4) Importer(815301076,1909f56bfc062723c751e8b465ee728b)
Start importing Assets/Models/Buildings/City 03/Models/Clouds.prefab using Guid(00672ab649754244dab6326bfd069db4) Importer(815301076,1909f56bfc062723c751e8b465ee728b) (PreviewImporter) -> (artifact id: '848b53b67a80a4b70f03713dc94bfbe7') in 0.0222307 seconds
Number of updated asset objects reloaded before import = 0Number of asset objects unloaded after import = 16

========================================================================
Received Import Request.
  Time since last request: 0.000032 seconds.
  path: Assets/Models/Buildings/City 03/Models/City Scene.fbx
  artifactKey: Guid(70ea4865e2694944fa398c288da016d8) Importer(815301076,1909f56bfc062723c751e8b465ee728b)
Start importing Assets/Models/Buildings/City 03/Models/City Scene.fbx using Guid(70ea4865e2694944fa398c288da016d8) Importer(815301076,1909f56bfc062723c751e8b465ee728b) (PreviewImporter) -> (artifact id: '510e27f2e1cfd5b7e2ea374f69c2e791') in 10.314304 seconds
Number of updated asset objects reloaded before import = 0Number of asset objects unloaded after import = 3459

========================================================================
Received Import Request.
  Time since last request: 641.952671 seconds.
  path: Assets/Models/Buildings/City 03/Prefabs/Ground Mark
  artifactKey: Guid(83f19304057a64b4ab6d9da87fbb6c97) Importer(815301076,1909f56bfc062723c751e8b465ee728b)
Start importing Assets/Models/Buildings/City 03/Prefabs/Ground Mark using Guid(83f19304057a64b4ab6d9da87fbb6c97) Importer(815301076,1909f56bfc062723c751e8b465ee728b) (PreviewImporter) -> (artifact id: 'f7f1cc1911ad084fa17d182eaace7a7a') in 0.0029728 seconds
Number of updated asset objects reloaded before import = 0Number of asset objects unloaded after import = 0

========================================================================
Received Import Request.
  Time since last request: 0.035760 seconds.
  path: Assets/Models/Buildings/City 03/Prefabs/Ground Mark/Ground Markings 1.prefab
  artifactKey: Guid(028b62abcc0dd0144825d1f302770646) Importer(815301076,1909f56bfc062723c751e8b465ee728b)
Start importing Assets/Models/Buildings/City 03/Prefabs/Ground Mark/Ground Markings 1.prefab using Guid(028b62abcc0dd0144825d1f302770646) Importer(815301076,1909f56bfc062723c751e8b465ee728b) (PreviewImporter) -> (artifact id: '823d120064cb7cae9a850e6a558350c2') in 0.0163739 seconds
Number of updated asset objects reloaded before import = 0Number of asset objects unloaded after import = 14

========================================================================
Received Import Request.
  Time since last request: 0.000027 seconds.
  path: Assets/Models/Buildings/City 03/Prefabs/Ground Mark/Ground Markings 4.prefab
  artifactKey: Guid(86f8dac05906b0046855399737250550) Importer(815301076,1909f56bfc062723c751e8b465ee728b)
Start importing Assets/Models/Buildings/City 03/Prefabs/Ground Mark/Ground Markings 4.prefab using Guid(86f8dac05906b0046855399737250550) Importer(815301076,1909f56bfc062723c751e8b465ee728b) (PreviewImporter) -> (artifact id: 'd10d5fdf83fbe1b5e441bbae442f8323') in 0.0171981 seconds
Number of updated asset objects reloaded before import = 0Number of asset objects unloaded after import = 14

========================================================================
Received Import Request.
  Time since last request: 0.000041 seconds.
  path: Assets/Models/Buildings/City 03/Prefabs/Ground Mark/Ground Markings 6.prefab
  artifactKey: Guid(105b63c7b8539c84f985caeb7bc4bf65) Importer(815301076,1909f56bfc062723c751e8b465ee728b)
Start importing Assets/Models/Buildings/City 03/Prefabs/Ground Mark/Ground Markings 6.prefab using Guid(105b63c7b8539c84f985caeb7bc4bf65) Importer(815301076,1909f56bfc062723c751e8b465ee728b) (PreviewImporter) -> (artifact id: '7ec2899b41aa7048101230090f1eb858') in 0.0171579 seconds
Number of updated asset objects reloaded before import = 0Number of asset objects unloaded after import = 14

========================================================================
Received Import Request.
  Time since last request: 0.000028 seconds.
  path: Assets/Models/Buildings/City 03/Prefabs/Ground Mark/Virtual Roundabout Sign.prefab
  artifactKey: Guid(9ffb5ee679b0fb946ab9b913651887d2) Importer(815301076,1909f56bfc062723c751e8b465ee728b)
Start importing Assets/Models/Buildings/City 03/Prefabs/Ground Mark/Virtual Roundabout Sign.prefab using Guid(9ffb5ee679b0fb946ab9b913651887d2) Importer(815301076,1909f56bfc062723c751e8b465ee728b) (PreviewImporter) -> (artifact id: '56581b03e52fe2c38b3d325d342fd7c9') in 0.0256067 seconds
Number of updated asset objects reloaded before import = 0Number of asset objects unloaded after import = 14

========================================================================
Received Import Request.
  Time since last request: 17.970001 seconds.
  path: Assets/Models/Buildings/City 03/Prefabs/Road Unit
  artifactKey: Guid(909310a2b4ff8cf42b21e78a95233a0e) Importer(815301076,1909f56bfc062723c751e8b465ee728b)
Start importing Assets/Models/Buildings/City 03/Prefabs/Road Unit using Guid(909310a2b4ff8cf42b21e78a95233a0e) Importer(815301076,1909f56bfc062723c751e8b465ee728b) (PreviewImporter) -> (artifact id: 'e6afe60da031a18221e25277ad70e838') in 0.0005287 seconds
Number of updated asset objects reloaded before import = 0Number of asset objects unloaded after import = 0

========================================================================
Received Import Request.
  Time since last request: 0.023578 seconds.
  path: Assets/Models/Buildings/City 03/Prefabs/Road Unit/Road 1.prefab
  artifactKey: Guid(6dff1a1f8c6e84f489ab2741db2baa4f) Importer(815301076,1909f56bfc062723c751e8b465ee728b)
Start importing Assets/Models/Buildings/City 03/Prefabs/Road Unit/Road 1.prefab using Guid(6dff1a1f8c6e84f489ab2741db2baa4f) Importer(815301076,1909f56bfc062723c751e8b465ee728b) (PreviewImporter) -> (artifact id: 'e684e5c7804d6e8f02e0e47994730c20') in 0.0151238 seconds
Number of updated asset objects reloaded before import = 0Number of asset objects unloaded after import = 17

========================================================================
Received Import Request.
  Time since last request: 0.000024 seconds.
  path: Assets/Models/Buildings/City 03/Prefabs/Road Unit/Road 4.prefab
  artifactKey: Guid(7560da83c2fef2a429920b4f25dac4a3) Importer(815301076,1909f56bfc062723c751e8b465ee728b)
Start importing Assets/Models/Buildings/City 03/Prefabs/Road Unit/Road 4.prefab using Guid(7560da83c2fef2a429920b4f25dac4a3) Importer(815301076,1909f56bfc062723c751e8b465ee728b) (PreviewImporter) -> (artifact id: 'dd0253c4d08ca46528a3c65b0eaa5e96') in 0.0192657 seconds
Number of updated asset objects reloaded before import = 0Number of asset objects unloaded after import = 22

========================================================================
Received Import Request.
  Time since last request: 0.000025 seconds.
  path: Assets/Models/Buildings/City 03/Prefabs/Road Unit/Road 8.prefab
  artifactKey: Guid(2e9cbcf956215164b9eb1e0f029703bd) Importer(815301076,1909f56bfc062723c751e8b465ee728b)
Start importing Assets/Models/Buildings/City 03/Prefabs/Road Unit/Road 8.prefab using Guid(2e9cbcf956215164b9eb1e0f029703bd) Importer(815301076,1909f56bfc062723c751e8b465ee728b) (PreviewImporter) -> (artifact id: 'ea9446bc706eb0f7ed65980d0867384c') in 0.018344 seconds
Number of updated asset objects reloaded before import = 0Number of asset objects unloaded after import = 22

========================================================================
Received Import Request.
  Time since last request: 0.000033 seconds.
  path: Assets/Models/Buildings/City 03/Prefabs/Road Unit/Road 5.prefab
  artifactKey: Guid(971e45d085d5bc04793a00a998e2b554) Importer(815301076,1909f56bfc062723c751e8b465ee728b)
Start importing Assets/Models/Buildings/City 03/Prefabs/Road Unit/Road 5.prefab using Guid(971e45d085d5bc04793a00a998e2b554) Importer(815301076,1909f56bfc062723c751e8b465ee728b) (PreviewImporter) -> (artifact id: '9e8bedb5f89d7b25ce0fd4386e294997') in 0.0190559 seconds
Number of updated asset objects reloaded before import = 0Number of asset objects unloaded after import = 22

========================================================================
Received Import Request.
  Time since last request: 710.286896 seconds.
  path: Assets/Models/Buildings/City 03/Prefabs/Fence
  artifactKey: Guid(191cfd3562a46654a9af6e38c6c8c440) Importer(815301076,1909f56bfc062723c751e8b465ee728b)
Start importing Assets/Models/Buildings/City 03/Prefabs/Fence using Guid(191cfd3562a46654a9af6e38c6c8c440) Importer(815301076,1909f56bfc062723c751e8b465ee728b) (PreviewImporter) -> (artifact id: '8fc274d2107e10a7725776b2b4142e49') in 0.0006329 seconds
Number of updated asset objects reloaded before import = 0Number of asset objects unloaded after import = 0

========================================================================
Received Import Request.
  Time since last request: 0.017170 seconds.
  path: Assets/Models/Buildings/City 03/Prefabs/Fence/Guardrail.prefab
  artifactKey: Guid(4d4be304e5a58a84e9aa1b09465a78cc) Importer(815301076,1909f56bfc062723c751e8b465ee728b)
Start importing Assets/Models/Buildings/City 03/Prefabs/Fence/Guardrail.prefab using Guid(4d4be304e5a58a84e9aa1b09465a78cc) Importer(815301076,1909f56bfc062723c751e8b465ee728b) (PreviewImporter) -> (artifact id: '765712b689351a5b4daa0850f65c27c3') in 0.0175819 seconds
Number of updated asset objects reloaded before import = 0Number of asset objects unloaded after import = 18

========================================================================
Received Import Request.
  Time since last request: 0.000030 seconds.
  path: Assets/Models/Buildings/City 03/Prefabs/Fence/Road Fence 3.prefab
  artifactKey: Guid(30912fc217de250468c366d2c8bc9441) Importer(815301076,1909f56bfc062723c751e8b465ee728b)
Start importing Assets/Models/Buildings/City 03/Prefabs/Fence/Road Fence 3.prefab using Guid(30912fc217de250468c366d2c8bc9441) Importer(815301076,1909f56bfc062723c751e8b465ee728b) (PreviewImporter) -> (artifact id: '1f665289575676c343a3b509c6bef4fe') in 0.0147991 seconds
Number of updated asset objects reloaded before import = 0Number of asset objects unloaded after import = 18

========================================================================
Received Import Request.
  Time since last request: 0.000027 seconds.
  path: Assets/Models/Buildings/City 03/Prefabs/Fence/Stone Fence 2 Pillar.prefab
  artifactKey: Guid(0354442a07810d24d8bac39eb5209a69) Importer(815301076,1909f56bfc062723c751e8b465ee728b)
Start importing Assets/Models/Buildings/City 03/Prefabs/Fence/Stone Fence 2 Pillar.prefab using Guid(0354442a07810d24d8bac39eb5209a69) Importer(815301076,1909f56bfc062723c751e8b465ee728b) (PreviewImporter) -> (artifact id: 'b9de7494a13e47eb2b7ba8d87462b69f') in 0.01665 seconds
Number of updated asset objects reloaded before import = 0Number of asset objects unloaded after import = 18

========================================================================
Received Import Request.
  Time since last request: 0.000036 seconds.
  path: Assets/Models/Buildings/City 03/Prefabs/Fence/Stone Fence 2.prefab
  artifactKey: Guid(bafcb6e183fb9cf4e8c4c78543632f66) Importer(815301076,1909f56bfc062723c751e8b465ee728b)
Start importing Assets/Models/Buildings/City 03/Prefabs/Fence/Stone Fence 2.prefab using Guid(bafcb6e183fb9cf4e8c4c78543632f66) Importer(815301076,1909f56bfc062723c751e8b465ee728b) (PreviewImporter) -> (artifact id: '208c0ab2c8aae6c56fb501c8a7955ab2') in 0.0192349 seconds
Number of updated asset objects reloaded before import = 0Number of asset objects unloaded after import = 19

========================================================================
Received Import Request.
  Time since last request: 0.000023 seconds.
  path: Assets/Models/Buildings/City 03/Prefabs/Fence/Stone Fence 1 Body.prefab
  artifactKey: Guid(fd5c08371cb73c94f8d4bf2e57270074) Importer(815301076,1909f56bfc062723c751e8b465ee728b)
Start importing Assets/Models/Buildings/City 03/Prefabs/Fence/Stone Fence 1 Body.prefab using Guid(fd5c08371cb73c94f8d4bf2e57270074) Importer(815301076,1909f56bfc062723c751e8b465ee728b) (PreviewImporter) -> (artifact id: 'b0876efc8addcbfc3b71f8d04818e001') in 0.0178263 seconds
Number of updated asset objects reloaded before import = 0Number of asset objects unloaded after import = 20

========================================================================
Received Import Request.
  Time since last request: 641.078668 seconds.
  path: Assets/New Terrain 5.asset
  artifactKey: Guid(89f19bc1865788b44a81890fb69f530e) Importer(815301076,1909f56bfc062723c751e8b465ee728b)
Start importing Assets/New Terrain 5.asset using Guid(89f19bc1865788b44a81890fb69f530e) Importer(815301076,1909f56bfc062723c751e8b465ee728b) (PreviewImporter) -> (artifact id: '466e7a68a6ce38bb5cebf3813d83c768') in 0.0548709 seconds
Number of updated asset objects reloaded before import = 0Number of asset objects unloaded after import = 3

========================================================================
Received Import Request.
  Time since last request: 17.904959 seconds.
  path: Assets/Models/Outdoor/NatureStarterKit2/Nature/tree01.prefab
  artifactKey: Guid(393b236c42954a640b513d46de90ac38) Importer(815301076,1909f56bfc062723c751e8b465ee728b)
Start importing Assets/Models/Outdoor/NatureStarterKit2/Nature/tree01.prefab using Guid(393b236c42954a640b513d46de90ac38) Importer(815301076,1909f56bfc062723c751e8b465ee728b) (PreviewImporter) -> (artifact id: 'b7b7d1fc20e669e15621869b1836119c') in 6.279583 seconds
Number of updated asset objects reloaded before import = 0Number of asset objects unloaded after import = 20

========================================================================
Received Import Request.
  Time since last request: 0.000038 seconds.
  path: Assets/Models/Outdoor/NatureStarterKit2/Scene
  artifactKey: Guid(406b7a5b7a9ba0b41bf47a649b017346) Importer(815301076,1909f56bfc062723c751e8b465ee728b)
Start importing Assets/Models/Outdoor/NatureStarterKit2/Scene using Guid(406b7a5b7a9ba0b41bf47a649b017346) Importer(815301076,1909f56bfc062723c751e8b465ee728b) (PreviewImporter) -> (artifact id: '844344f8d15fa353db829ec0faf7d5ae') in 0.0017264 seconds
Number of updated asset objects reloaded before import = 0Number of asset objects unloaded after import = 0

========================================================================
Received Import Request.
  Time since last request: 8.762777 seconds.
  path: Assets/Models/Outdoor/Parks And Nature Pack/Prefab
  artifactKey: Guid(9a8c067596c51fe4096008e3af628684) Importer(815301076,1909f56bfc062723c751e8b465ee728b)
Start importing Assets/Models/Outdoor/Parks And Nature Pack/Prefab using Guid(9a8c067596c51fe4096008e3af628684) Importer(815301076,1909f56bfc062723c751e8b465ee728b) (PreviewImporter) -> (artifact id: '91148e07519b2d0e037e19ac55974c78') in 0.0004761 seconds
Number of updated asset objects reloaded before import = 0Number of asset objects unloaded after import = 0

========================================================================
Received Import Request.
  Time since last request: 0.032826 seconds.
  path: Assets/Models/Outdoor/Parks And Nature Pack/Prefab/ChairA.prefab
  artifactKey: Guid(24a898469d9c2394bb863db56a74b3d6) Importer(815301076,1909f56bfc062723c751e8b465ee728b)
Start importing Assets/Models/Outdoor/Parks And Nature Pack/Prefab/ChairA.prefab using Guid(24a898469d9c2394bb863db56a74b3d6) Importer(815301076,1909f56bfc062723c751e8b465ee728b) (PreviewImporter) -> (artifact id: '2069dc774aa734e661f59484e180b3e2') in 0.0768745 seconds
Number of updated asset objects reloaded before import = 0Number of asset objects unloaded after import = 10

========================================================================
Received Import Request.
  Time since last request: 0.000022 seconds.
  path: Assets/Models/Outdoor/Parks And Nature Pack/Prefab/Tree1.prefab
  artifactKey: Guid(17de3c1426f928b4e97bb2feeeb4d11e) Importer(815301076,1909f56bfc062723c751e8b465ee728b)
Start importing Assets/Models/Outdoor/Parks And Nature Pack/Prefab/Tree1.prefab using Guid(17de3c1426f928b4e97bb2feeeb4d11e) Importer(815301076,1909f56bfc062723c751e8b465ee728b) (PreviewImporter) -> (artifact id: 'fff9b4143f353c8286c0f44a6476e3d6') in 0.0417522 seconds
Number of updated asset objects reloaded before import = 0Number of asset objects unloaded after import = 19

========================================================================
Received Import Request.
  Time since last request: 21.814817 seconds.
  path: Assets/Models/Outdoor/NatureStarterKit2/Standard Assets
  artifactKey: Guid(9b8ade7eba1f7d343843ab9f870b877f) Importer(815301076,1909f56bfc062723c751e8b465ee728b)
Start importing Assets/Models/Outdoor/NatureStarterKit2/Standard Assets using Guid(9b8ade7eba1f7d343843ab9f870b877f) Importer(815301076,1909f56bfc062723c751e8b465ee728b) (PreviewImporter) -> (artifact id: '10216f2048ca24f4288d64c93f9b428f') in 0.0008784 seconds
Number of updated asset objects reloaded before import = 0Number of asset objects unloaded after import = 0

========================================================================
Received Import Request.
  Time since last request: 1.403602 seconds.
  path: Assets/Models/Outdoor/NatureStarterKit2/Textures
  artifactKey: Guid(bf05804e364574741af6579b8610f8ce) Importer(815301076,1909f56bfc062723c751e8b465ee728b)
Start importing Assets/Models/Outdoor/NatureStarterKit2/Textures using Guid(bf05804e364574741af6579b8610f8ce) Importer(815301076,1909f56bfc062723c751e8b465ee728b) (PreviewImporter) -> (artifact id: '5a72214ab77048aae201b97bf7aecf62') in 0.0007285 seconds
Number of updated asset objects reloaded before import = 0Number of asset objects unloaded after import = 0

========================================================================
Received Import Request.
  Time since last request: 0.312332 seconds.
  path: Assets/Models/Outdoor/NatureStarterKit2/Textures/ground01.psd
  artifactKey: Guid(85cdb49f460bbf14a82b8ea1c20c07bc) Importer(815301076,1909f56bfc062723c751e8b465ee728b)
Start importing Assets/Models/Outdoor/NatureStarterKit2/Textures/ground01.psd using Guid(85cdb49f460bbf14a82b8ea1c20c07bc) Importer(815301076,1909f56bfc062723c751e8b465ee728b) (PreviewImporter) -> (artifact id: 'ca5336aedaf65641da4f258560015627') in 0.0926119 seconds
Number of updated asset objects reloaded before import = 0Number of asset objects unloaded after import = 2

========================================================================
Received Import Request.
  Time since last request: 0.000023 seconds.
  path: Assets/Models/Outdoor/NatureStarterKit2/Textures/ground03.psd
  artifactKey: Guid(8d1a7eedfea109c4f892a29974c0b440) Importer(815301076,1909f56bfc062723c751e8b465ee728b)
Start importing Assets/Models/Outdoor/NatureStarterKit2/Textures/ground03.psd using Guid(8d1a7eedfea109c4f892a29974c0b440) Importer(815301076,1909f56bfc062723c751e8b465ee728b) (PreviewImporter) -> (artifact id: 'c43ddbbd2dfcd1ba1e70769d63a211ec') in 0.0445687 seconds
Number of updated asset objects reloaded before import = 0Number of asset objects unloaded after import = 2

========================================================================
Received Import Request.
  Time since last request: 0.000026 seconds.
  path: Assets/Models/Outdoor/NatureStarterKit2/Textures/ground03.tga
  artifactKey: Guid(5edd0aaa57578b84da829c036eecf914) Importer(815301076,1909f56bfc062723c751e8b465ee728b)
Start importing Assets/Models/Outdoor/NatureStarterKit2/Textures/ground03.tga using Guid(5edd0aaa57578b84da829c036eecf914) Importer(815301076,1909f56bfc062723c751e8b465ee728b) (PreviewImporter) -> (artifact id: 'ba68f499f9a1dcc2512969011a6ba570') in 0.0341163 seconds
Number of updated asset objects reloaded before import = 0Number of asset objects unloaded after import = 2

========================================================================
Received Import Request.
  Time since last request: 0.000038 seconds.
  path: Assets/Models/Outdoor/NatureStarterKit2/Textures/sky.tga
  artifactKey: Guid(566cada353cad2441ba7b045c8ea1a79) Importer(815301076,1909f56bfc062723c751e8b465ee728b)
Start importing Assets/Models/Outdoor/NatureStarterKit2/Textures/sky.tga using Guid(566cada353cad2441ba7b045c8ea1a79) Importer(815301076,1909f56bfc062723c751e8b465ee728b) (PreviewImporter) -> (artifact id: '3e75b17de2c3d407b6323e812d00d90c') in 0.0455839 seconds
Number of updated asset objects reloaded before import = 0Number of asset objects unloaded after import = 1

========================================================================
Received Import Request.
  Time since last request: 55.143429 seconds.
  path: Assets/Models/Outdoor/NatureStarterKit2/Nature/bush04_Textures/diffuse.png
  artifactKey: Guid(1bc291dddd73b3546b8d909b1c407553) Importer(815301076,1909f56bfc062723c751e8b465ee728b)
Start importing Assets/Models/Outdoor/NatureStarterKit2/Nature/bush04_Textures/diffuse.png using Guid(1bc291dddd73b3546b8d909b1c407553) Importer(815301076,1909f56bfc062723c751e8b465ee728b) (PreviewImporter) -> (artifact id: '2774b412b26b398f43325bc5f82ebcf4') in 0.0163962 seconds
Number of updated asset objects reloaded before import = 0Number of asset objects unloaded after import = 2

========================================================================
Received Import Request.
  Time since last request: 0.000025 seconds.
  path: Assets/Models/Outdoor/NatureStarterKit2/Nature/bush04_Textures/translucency_gloss.png
  artifactKey: Guid(f8d43e186daf2bc49a80785d236cb157) Importer(815301076,1909f56bfc062723c751e8b465ee728b)
Start importing Assets/Models/Outdoor/NatureStarterKit2/Nature/bush04_Textures/translucency_gloss.png using Guid(f8d43e186daf2bc49a80785d236cb157) Importer(815301076,1909f56bfc062723c751e8b465ee728b) (PreviewImporter) -> (artifact id: '0a1d99d4b4345d0effce4ac448cabab8') in 0.0148516 seconds
Number of updated asset objects reloaded before import = 0Number of asset objects unloaded after import = 2

========================================================================
Received Import Request.
  Time since last request: 0.543450 seconds.
  path: Assets/Models/Outdoor/NatureStarterKit2/Nature/bush04_Textures/shadow.png
  artifactKey: Guid(ee879bd20f6819143a6527d0c880ac6e) Importer(815301076,1909f56bfc062723c751e8b465ee728b)
Start importing Assets/Models/Outdoor/NatureStarterKit2/Nature/bush04_Textures/shadow.png using Guid(ee879bd20f6819143a6527d0c880ac6e) Importer(815301076,1909f56bfc062723c751e8b465ee728b) (PreviewImporter) -> (artifact id: '959c1322c6a347eee606652e96b034be') in 0.0162769 seconds
Number of updated asset objects reloaded before import = 0Number of asset objects unloaded after import = 2

========================================================================
Received Import Request.
  Time since last request: 20.994687 seconds.
  path: Assets/Models/Outdoor/NatureStarterKit2/Nature/bush01_Textures
  artifactKey: Guid(aa46a0a4a8f5b53409ce75602a46b746) Importer(815301076,1909f56bfc062723c751e8b465ee728b)
Start importing Assets/Models/Outdoor/NatureStarterKit2/Nature/bush01_Textures using Guid(aa46a0a4a8f5b53409ce75602a46b746) Importer(815301076,1909f56bfc062723c751e8b465ee728b) (PreviewImporter) -> (artifact id: '3df237d77f1eee834d7c12a705374cc4') in 0.0008616 seconds
Number of updated asset objects reloaded before import = 0Number of asset objects unloaded after import = 0

========================================================================
Received Import Request.
  Time since last request: 0.035505 seconds.
  path: Assets/Models/Outdoor/NatureStarterKit2/Nature/bush01_Textures/diffuse.png
  artifactKey: Guid(f09d087d144fc6f4a8b97c748f7e48f1) Importer(815301076,1909f56bfc062723c751e8b465ee728b)
Start importing Assets/Models/Outdoor/NatureStarterKit2/Nature/bush01_Textures/diffuse.png using Guid(f09d087d144fc6f4a8b97c748f7e48f1) Importer(815301076,1909f56bfc062723c751e8b465ee728b) (PreviewImporter) -> (artifact id: 'f7439a967d42d79bb709326ad8842d07') in 0.0171685 seconds
Number of updated asset objects reloaded before import = 0Number of asset objects unloaded after import = 2

========================================================================
Received Import Request.
  Time since last request: 0.000024 seconds.
  path: Assets/Models/Outdoor/NatureStarterKit2/Nature/bush01_Textures/shadow.png
  artifactKey: Guid(601b2261c9f9ef0438b1966de0080c95) Importer(815301076,1909f56bfc062723c751e8b465ee728b)
Start importing Assets/Models/Outdoor/NatureStarterKit2/Nature/bush01_Textures/shadow.png using Guid(601b2261c9f9ef0438b1966de0080c95) Importer(815301076,1909f56bfc062723c751e8b465ee728b) (PreviewImporter) -> (artifact id: '9b80e1461d4691e6654c3b86177a2153') in 0.0064494 seconds
Number of updated asset objects reloaded before import = 0Number of asset objects unloaded after import = 2

========================================================================
Received Import Request.
  Time since last request: 9.477939 seconds.
  path: Assets/Models/Outdoor/NatureStarterKit2/Nature/tree01.prefab
  artifactKey: Guid(393b236c42954a640b513d46de90ac38) Importer(815301076,1909f56bfc062723c751e8b465ee728b)
Start importing Assets/Models/Outdoor/NatureStarterKit2/Nature/tree01.prefab using Guid(393b236c42954a640b513d46de90ac38) Importer(815301076,1909f56bfc062723c751e8b465ee728b) (PreviewImporter) -> (artifact id: '4051cacd42a82799faaef6f944f19e75') in 0.048118 seconds
Number of updated asset objects reloaded before import = 0Number of asset objects unloaded after import = 20

========================================================================
Received Import Request.
  Time since last request: 628.833901 seconds.
  path: Assets/New Terrain 5.asset
  artifactKey: Guid(89f19bc1865788b44a81890fb69f530e) Importer(815301076,1909f56bfc062723c751e8b465ee728b)
Start importing Assets/New Terrain 5.asset using Guid(89f19bc1865788b44a81890fb69f530e) Importer(815301076,1909f56bfc062723c751e8b465ee728b) (PreviewImporter)The tree tree01 must use the Nature/Soft Occlusion shader. Otherwise billboarding/lighting will not work correctly.
 -> (artifact id: '151d84cc321ee50dffea93dfc226b6f9') in 0.0226624 seconds
Number of updated asset objects reloaded before import = 0Number of asset objects unloaded after import = 23

========================================================================
Received Import Request.
  Time since last request: 184.156566 seconds.
  path: Assets/Models/Outdoor/Parks And Nature Pack/DataSource/ChairA.FBX
  artifactKey: Guid(1f1ec87c4cf7b8d45bba8f9a607aa21d) Importer(815301076,1909f56bfc062723c751e8b465ee728b)
Start importing Assets/Models/Outdoor/Parks And Nature Pack/DataSource/ChairA.FBX using Guid(1f1ec87c4cf7b8d45bba8f9a607aa21d) Importer(815301076,1909f56bfc062723c751e8b465ee728b) (PreviewImporter) -> (artifact id: '94509bc3db04484b68307488b1089fe3') in 0.0487201 seconds
Number of updated asset objects reloaded before import = 0Number of asset objects unloaded after import = 9

========================================================================
Received Import Request.
  Time since last request: 35.433204 seconds.
  path: Assets/Models/Outdoor/Parks And Nature Pack/DataSource/Materials/ChairA_mt1.mat
  artifactKey: Guid(c5b7cddd979875646b1ab9b8a9b33c79) Importer(815301076,1909f56bfc062723c751e8b465ee728b)
Start importing Assets/Models/Outdoor/Parks And Nature Pack/DataSource/Materials/ChairA_mt1.mat using Guid(c5b7cddd979875646b1ab9b8a9b33c79) Importer(815301076,1909f56bfc062723c751e8b465ee728b) (PreviewImporter) -> (artifact id: '38a5bdcd7f69b90cd67ae5ac4358f839') in 0.0169449 seconds
Number of updated asset objects reloaded before import = 0Number of asset objects unloaded after import = 2

========================================================================
Received Import Request.
  Time since last request: 0.000027 seconds.
  path: Assets/Models/Outdoor/Parks And Nature Pack/DataSource/Materials/Tree1_mt2.mat
  artifactKey: Guid(1de9b4b1c86577d4cb82fb3a99c4bef5) Importer(815301076,1909f56bfc062723c751e8b465ee728b)
Start importing Assets/Models/Outdoor/Parks And Nature Pack/DataSource/Materials/Tree1_mt2.mat using Guid(1de9b4b1c86577d4cb82fb3a99c4bef5) Importer(815301076,1909f56bfc062723c751e8b465ee728b) (PreviewImporter) -> (artifact id: '43bd94cb8254f1399a9d5539d3d0707b') in 0.0276953 seconds
Number of updated asset objects reloaded before import = 0Number of asset objects unloaded after import = 2

========================================================================
Received Import Request.
  Time since last request: 0.013859 seconds.
  path: Assets/Models/Outdoor/Parks And Nature Pack/DataSource/Textures/ChairA_mt1_D.tga
  artifactKey: Guid(312c9af0bdcc80042ad11d8c641fe72f) Importer(815301076,1909f56bfc062723c751e8b465ee728b)
Start importing Assets/Models/Outdoor/Parks And Nature Pack/DataSource/Textures/ChairA_mt1_D.tga using Guid(312c9af0bdcc80042ad11d8c641fe72f) Importer(815301076,1909f56bfc062723c751e8b465ee728b) (PreviewImporter) -> (artifact id: 'f059569e369c31fbe5472e75b9fbd0a8') in 0.028122 seconds
Number of updated asset objects reloaded before import = 0Number of asset objects unloaded after import = 2

========================================================================
Received Import Request.
  Time since last request: 99.467214 seconds.
  path: Assets/Models/Outdoor/Parks And Nature Pack/DataSource/ChairA.FBX
  artifactKey: Guid(1f1ec87c4cf7b8d45bba8f9a607aa21d) Importer(815301076,1909f56bfc062723c751e8b465ee728b)
Start importing Assets/Models/Outdoor/Parks And Nature Pack/DataSource/ChairA.FBX using Guid(1f1ec87c4cf7b8d45bba8f9a607aa21d) Importer(815301076,1909f56bfc062723c751e8b465ee728b) (PreviewImporter) -> (artifact id: '43a0208c70a07c25aadf97d4a278c181') in 0.0222436 seconds
Number of updated asset objects reloaded before import = 0Number of asset objects unloaded after import = 9

========================================================================
Received Import Request.
  Time since last request: 5.017213 seconds.
  path: Assets/Models/Outdoor/Parks And Nature Pack/DataSource/ChairA.FBX
  artifactKey: Guid(1f1ec87c4cf7b8d45bba8f9a607aa21d) Importer(815301076,1909f56bfc062723c751e8b465ee728b)
Start importing Assets/Models/Outdoor/Parks And Nature Pack/DataSource/ChairA.FBX using Guid(1f1ec87c4cf7b8d45bba8f9a607aa21d) Importer(815301076,1909f56bfc062723c751e8b465ee728b) (PreviewImporter) -> (artifact id: 'a3e3464230cf858cbaf8ac13d49d3ced') in 0.0198604 seconds
Number of updated asset objects reloaded before import = 0Number of asset objects unloaded after import = 9

========================================================================
Received Import Request.
  Time since last request: 379.502733 seconds.
  path: Assets/Models/Outdoor/Parks And Nature Pack/DataSource/Materials
  artifactKey: Guid(1c8c108e44be67043a35a14aae2ae9e1) Importer(815301076,1909f56bfc062723c751e8b465ee728b)
Start importing Assets/Models/Outdoor/Parks And Nature Pack/DataSource/Materials using Guid(1c8c108e44be67043a35a14aae2ae9e1) Importer(815301076,1909f56bfc062723c751e8b465ee728b) (PreviewImporter) -> (artifact id: '4026a71dd5ab2df2635a0e42f48bc25d') in 0.0006229 seconds
Number of updated asset objects reloaded before import = 5Number of asset objects unloaded after import = 0

========================================================================
Received Import Request.
  Time since last request: 49.812597 seconds.
  path: Assets/Models/Outdoor/Parks And Nature Pack/DataSource/Textures/GrassE_mt1_D.tga
  artifactKey: Guid(f04f5fd15906774418048e8b576b7184) Importer(815301076,1909f56bfc062723c751e8b465ee728b)
Start importing Assets/Models/Outdoor/Parks And Nature Pack/DataSource/Textures/GrassE_mt1_D.tga using Guid(f04f5fd15906774418048e8b576b7184) Importer(815301076,1909f56bfc062723c751e8b465ee728b) (PreviewImporter) -> (artifact id: '6d4cd591a1faa63f1bba65944cda026d') in 0.0180527 seconds
Number of updated asset objects reloaded before import = 0Number of asset objects unloaded after import = 2

========================================================================
Received Import Request.
  Time since last request: 0.000022 seconds.
  path: Assets/Models/Outdoor/Parks And Nature Pack/DataSource/Textures/Tree1_mt2_D.TGA
  artifactKey: Guid(0937cf2b1a3afa94084e1d5d6e1ace64) Importer(815301076,1909f56bfc062723c751e8b465ee728b)
Start importing Assets/Models/Outdoor/Parks And Nature Pack/DataSource/Textures/Tree1_mt2_D.TGA using Guid(0937cf2b1a3afa94084e1d5d6e1ace64) Importer(815301076,1909f56bfc062723c751e8b465ee728b) (PreviewImporter) -> (artifact id: '40e1dc5baebeea68a5f95952c5d0314a') in 0.0163198 seconds
Number of updated asset objects reloaded before import = 0Number of asset objects unloaded after import = 2

========================================================================
Received Import Request.
  Time since last request: 17.491204 seconds.
  path: Assets/Models/Outdoor/Parks And Nature Pack/DataSource/Textures
  artifactKey: Guid(f57647674c638df46867ec604f78b81a) Importer(815301076,1909f56bfc062723c751e8b465ee728b)
Start importing Assets/Models/Outdoor/Parks And Nature Pack/DataSource/Textures using Guid(f57647674c638df46867ec604f78b81a) Importer(815301076,1909f56bfc062723c751e8b465ee728b) (PreviewImporter) -> (artifact id: 'f486e2e6f0ceba634ad3eb1429eb56eb') in 0.0005737 seconds
Number of updated asset objects reloaded before import = 0Number of asset objects unloaded after import = 0

========================================================================
Received Import Request.
  Time since last request: 382.314248 seconds.
  path: Assets/Models/Outdoor/SimpleNaturePack/Prefabs/Mushroom_01.prefab
  artifactKey: Guid(ff62b58c5a9ea164fa8ddf8038e10cd1) Importer(815301076,1909f56bfc062723c751e8b465ee728b)
Start importing Assets/Models/Outdoor/SimpleNaturePack/Prefabs/Mushroom_01.prefab using Guid(ff62b58c5a9ea164fa8ddf8038e10cd1) Importer(815301076,1909f56bfc062723c751e8b465ee728b) (PreviewImporter) -> (artifact id: '640256959a70a2c329cd93ee47cea107') in 0.0333787 seconds
Number of updated asset objects reloaded before import = 5Number of asset objects unloaded after import = 17

========================================================================
Received Import Request.
  Time since last request: 42.809617 seconds.
  path: Assets/New Terrain 5.asset
  artifactKey: Guid(89f19bc1865788b44a81890fb69f530e) Importer(815301076,1909f56bfc062723c751e8b465ee728b)
Start importing Assets/New Terrain 5.asset using Guid(89f19bc1865788b44a81890fb69f530e) Importer(815301076,1909f56bfc062723c751e8b465ee728b) (PreviewImporter)The tree tree01 must use the Nature/Soft Occlusion shader. Otherwise billboarding/lighting will not work correctly.
 -> (artifact id: '49a6fdba589112ea32fe5ad616e82469') in 0.027758 seconds
Number of updated asset objects reloaded before import = 0Number of asset objects unloaded after import = 23

========================================================================
Received Import Request.
  Time since last request: 86.541127 seconds.
  path: Assets/New Terrain 5.asset
  artifactKey: Guid(89f19bc1865788b44a81890fb69f530e) Importer(815301076,1909f56bfc062723c751e8b465ee728b)
Start importing Assets/New Terrain 5.asset using Guid(89f19bc1865788b44a81890fb69f530e) Importer(815301076,1909f56bfc062723c751e8b465ee728b) (PreviewImporter)The tree tree01 must use the Nature/Soft Occlusion shader. Otherwise billboarding/lighting will not work correctly.
 -> (artifact id: '2ec66ccb907f509ab4c59db5d91f7918') in 0.0308427 seconds
Number of updated asset objects reloaded before import = 0Number of asset objects unloaded after import = 23

========================================================================
Received Import Request.
  Time since last request: 13.590232 seconds.
  path: Assets/New Terrain 5.asset
  artifactKey: Guid(89f19bc1865788b44a81890fb69f530e) Importer(815301076,1909f56bfc062723c751e8b465ee728b)
Start importing Assets/New Terrain 5.asset using Guid(89f19bc1865788b44a81890fb69f530e) Importer(815301076,1909f56bfc062723c751e8b465ee728b) (PreviewImporter)The tree tree01 must use the Nature/Soft Occlusion shader. Otherwise billboarding/lighting will not work correctly.
 -> (artifact id: '0de01167eba055109978cf165ab1a894') in 0.0224062 seconds
Number of updated asset objects reloaded before import = 0Number of asset objects unloaded after import = 23

========================================================================
Received Import Request.
  Time since last request: 126.146398 seconds.
  path: Assets/Adobe Express - file (1).png
  artifactKey: Guid(f4d9c7cfee73f8342ae7cd5a4ff6fa89) Importer(815301076,1909f56bfc062723c751e8b465ee728b)
Start importing Assets/Adobe Express - file (1).png using Guid(f4d9c7cfee73f8342ae7cd5a4ff6fa89) Importer(815301076,1909f56bfc062723c751e8b465ee728b) (PreviewImporter) -> (artifact id: 'c1462f370debf5ec09084079424d08af') in 0.0401255 seconds
Number of updated asset objects reloaded before import = 0Number of asset objects unloaded after import = 2

========================================================================
Received Import Request.
  Time since last request: 16.263941 seconds.
  path: Assets/Monument(REFERENCE).png
  artifactKey: Guid(f4d9c7cfee73f8342ae7cd5a4ff6fa89) Importer(815301076,1909f56bfc062723c751e8b465ee728b)
Start importing Assets/Monument(REFERENCE).png using Guid(f4d9c7cfee73f8342ae7cd5a4ff6fa89) Importer(815301076,1909f56bfc062723c751e8b465ee728b) (PreviewImporter) -> (artifact id: '1f55f6aaffeb51ce4d99e6b7bff56fcb') in 0.0128969 seconds
Number of updated asset objects reloaded before import = 0Number of asset objects unloaded after import = 2

========================================================================
Received Import Request.
  Time since last request: 38.082847 seconds.
  path: Assets/Sprites/Monument(REFERENCE).mat
  artifactKey: Guid(854a54feb0ba8314380415656f4bfd30) Importer(815301076,1909f56bfc062723c751e8b465ee728b)
Start importing Assets/Sprites/Monument(REFERENCE).mat using Guid(854a54feb0ba8314380415656f4bfd30) Importer(815301076,1909f56bfc062723c751e8b465ee728b) (PreviewImporter) -> (artifact id: 'f3cfdfc4c044b1865fa69fc5486c7b6c') in 0.0205637 seconds
Number of updated asset objects reloaded before import = 0Number of asset objects unloaded after import = 1

